{"C:\\Users\\Carlos\\Desktop\\React\\02-first-steps\\src\\FirstStepsApp.tsx": {"path":"C:\\Users\\Carlos\\Desktop\\React\\02-first-steps\\src\\FirstStepsApp.tsx","statementMap":{"0":{"start":{"line":8,"column":34},"end":{"line":12,"column":null}},"1":{"start":{"line":14,"column":7},"end":{"line":14,"column":null}},"2":{"start":{"line":14,"column":7},"end":{"line":29,"column":null}},"3":{"start":{"line":16,"column":4},"end":{"line":29,"column":null}},"4":{"start":{"line":29,"column":7},"end":{"line":29,"column":null}},"5":{"start":{"line":29,"column":7},"end":{"line":16,"column":null}},"6":{"start":{"line":20,"column":25},"end":{"line":20,"column":50}},"7":{"start":{"line":20,"column":50},"end":{"line":21,"column":null}}},"fnMap":{"0":{"name":"FirstStepsApp","decl":{"start":{"line":14,"column":7},"end":{"line":14,"column":null}},"loc":{"start":{"line":14,"column":7},"end":{"line":16,"column":null}},"line":14}},"branchMap":{"0":{"loc":{"start":{"line":14,"column":7},"end":{"line":29,"column":null}},"type":"if","locations":[{"start":{"line":14,"column":7},"end":{"line":29,"column":null}},{"start":{"line":29,"column":7},"end":{"line":29,"column":null}}],"line":14}},"s":{"0":1,"1":3,"2":3,"3":3,"4":0,"5":3,"6":9,"7":9},"f":{"0":12},"b":{"0":[3,0]},"meta":{"lastBranch":1,"lastFunction":1,"lastStatement":8,"seen":{"s:8:34:12:Infinity":0,"f:14:7:14:Infinity":0,"s:14:7:14:Infinity":1,"b:14:7:29:Infinity:29:7:29:Infinity":0,"s:14:7:29:Infinity":2,"s:16:4:29:Infinity":3,"s:29:7:29:Infinity":4,"s:29:7:16:Infinity":5,"s:20:25:20:50":6,"s:20:50:21:Infinity":7}}}
,"C:\\Users\\Carlos\\Desktop\\React\\02-first-steps\\src\\MyAwesomeApp.tsx": {"path":"C:\\Users\\Carlos\\Desktop\\React\\02-first-steps\\src\\MyAwesomeApp.tsx","statementMap":{"0":{"start":{"line":3,"column":18},"end":{"line":3,"column":null}},"1":{"start":{"line":4,"column":17},"end":{"line":4,"column":null}},"2":{"start":{"line":6,"column":23},"end":{"line":10,"column":null}},"3":{"start":{"line":11,"column":17},"end":{"line":11,"column":null}},"4":{"start":{"line":13,"column":16},"end":{"line":17,"column":null}},"5":{"start":{"line":19,"column":32},"end":{"line":24,"column":null}},"6":{"start":{"line":26,"column":7},"end":{"line":26,"column":null}},"7":{"start":{"line":26,"column":7},"end":{"line":30,"column":null}},"8":{"start":{"line":29,"column":6},"end":{"line":29,"column":null}},"9":{"start":{"line":30,"column":6},"end":{"line":30,"column":null}},"10":{"start":{"line":30,"column":25},"end":{"line":30,"column":null}},"11":{"start":{"line":30,"column":25},"end":{"line":33,"column":null}},"12":{"start":{"line":32,"column":6},"end":{"line":32,"column":null}},"13":{"start":{"line":33,"column":6},"end":{"line":33,"column":null}},"14":{"start":{"line":33,"column":20},"end":{"line":33,"column":null}},"15":{"start":{"line":33,"column":20},"end":{"line":35,"column":null}},"16":{"start":{"line":35,"column":6},"end":{"line":35,"column":null}},"17":{"start":{"line":35,"column":50},"end":{"line":35,"column":null}},"18":{"start":{"line":35,"column":50},"end":{"line":38,"column":null}},"19":{"start":{"line":28,"column":4},"end":{"line":38,"column":10}},"20":{"start":{"line":38,"column":10},"end":{"line":38,"column":null}},"21":{"start":{"line":38,"column":10},"end":{"line":28,"column":21}}},"fnMap":{"0":{"name":"MyAwesomeApp","decl":{"start":{"line":26,"column":7},"end":{"line":26,"column":null}},"loc":{"start":{"line":26,"column":7},"end":{"line":28,"column":21}},"line":26}},"branchMap":{"0":{"loc":{"start":{"line":26,"column":7},"end":{"line":30,"column":null}},"type":"if","locations":[{"start":{"line":26,"column":7},"end":{"line":30,"column":null}},{"start":{"line":30,"column":25},"end":{"line":30,"column":null}}],"line":26},"1":{"loc":{"start":{"line":30,"column":25},"end":{"line":33,"column":null}},"type":"if","locations":[{"start":{"line":30,"column":25},"end":{"line":33,"column":null}},{"start":{"line":33,"column":20},"end":{"line":33,"column":null}}],"line":30},"2":{"loc":{"start":{"line":33,"column":20},"end":{"line":35,"column":null}},"type":"if","locations":[{"start":{"line":33,"column":20},"end":{"line":35,"column":null}},{"start":{"line":35,"column":50},"end":{"line":35,"column":null}}],"line":33},"3":{"loc":{"start":{"line":35,"column":11},"end":{"line":35,"column":50}},"type":"cond-expr","locations":[{"start":{"line":35,"column":11},"end":{"line":35,"column":50}},{"start":{"line":35,"column":11},"end":{"line":35,"column":50}}],"line":35},"4":{"loc":{"start":{"line":35,"column":50},"end":{"line":38,"column":null}},"type":"if","locations":[{"start":{"line":35,"column":50},"end":{"line":38,"column":null}},{"start":{"line":38,"column":10},"end":{"line":38,"column":null}}],"line":35}},"s":{"0":1,"1":1,"2":1,"3":1,"4":1,"5":1,"6":4,"7":4,"8":4,"9":4,"10":0,"11":4,"12":4,"13":4,"14":0,"15":4,"16":4,"17":0,"18":4,"19":4,"20":0,"21":4},"f":{"0":4},"b":{"0":[4,0],"1":[4,0],"2":[4,0],"3":[0,4],"4":[4,0]},"meta":{"lastBranch":5,"lastFunction":1,"lastStatement":22,"seen":{"s:3:18:3:Infinity":0,"s:4:17:4:Infinity":1,"s:6:23:10:Infinity":2,"s:11:17:11:Infinity":3,"s:13:16:17:Infinity":4,"s:19:32:24:Infinity":5,"f:26:7:26:Infinity":0,"s:26:7:26:Infinity":6,"b:26:7:30:Infinity:30:25:30:Infinity":0,"s:26:7:30:Infinity":7,"s:29:6:29:Infinity":8,"s:30:6:30:Infinity":9,"s:30:25:30:Infinity":10,"b:30:25:33:Infinity:33:20:33:Infinity":1,"s:30:25:33:Infinity":11,"s:32:6:32:Infinity":12,"s:33:6:33:Infinity":13,"s:33:20:33:Infinity":14,"b:33:20:35:Infinity:35:50:35:Infinity":2,"s:33:20:35:Infinity":15,"s:35:6:35:Infinity":16,"b:35:11:35:50:35:11:35:50":3,"s:35:50:35:Infinity":17,"b:35:50:38:Infinity:38:10:38:Infinity":4,"s:35:50:38:Infinity":18,"s:28:4:38:10":19,"s:38:10:38:Infinity":20,"s:38:10:28:21":21}}}
,"C:\\Users\\Carlos\\Desktop\\React\\02-first-steps\\src\\helpers\\math.helper.ts": {"path":"C:\\Users\\Carlos\\Desktop\\React\\02-first-steps\\src\\helpers\\math.helper.ts","statementMap":{"0":{"start":{"line":1,"column":13},"end":{"line":2,"column":null}},"1":{"start":{"line":2,"column":4},"end":{"line":2,"column":null}},"2":{"start":{"line":5,"column":13},"end":{"line":6,"column":null}},"3":{"start":{"line":6,"column":4},"end":{"line":6,"column":null}},"4":{"start":{"line":9,"column":13},"end":{"line":10,"column":null}},"5":{"start":{"line":10,"column":4},"end":{"line":10,"column":null}},"6":{"start":{"line":13,"column":13},"end":{"line":14,"column":null}},"7":{"start":{"line":14,"column":4},"end":{"line":14,"column":null}}},"fnMap":{"0":{"name":"(anonymous_0)","decl":{"start":{"line":1,"column":13},"end":{"line":1,"column":20}},"loc":{"start":{"line":1,"column":45},"end":{"line":2,"column":null}},"line":1},"1":{"name":"(anonymous_1)","decl":{"start":{"line":5,"column":13},"end":{"line":5,"column":25}},"loc":{"start":{"line":5,"column":50},"end":{"line":6,"column":null}},"line":5},"2":{"name":"(anonymous_2)","decl":{"start":{"line":9,"column":13},"end":{"line":9,"column":25}},"loc":{"start":{"line":9,"column":50},"end":{"line":10,"column":null}},"line":9},"3":{"name":"(anonymous_3)","decl":{"start":{"line":13,"column":13},"end":{"line":13,"column":23}},"loc":{"start":{"line":13,"column":48},"end":{"line":14,"column":null}},"line":13}},"branchMap":{},"s":{"0":1,"1":2,"2":1,"3":2,"4":1,"5":2,"6":1,"7":1},"f":{"0":2,"1":2,"2":2,"3":1},"b":{},"meta":{"lastBranch":0,"lastFunction":4,"lastStatement":8,"seen":{"s:1:13:2:Infinity":0,"f:1:13:1:20":0,"s:2:4:2:Infinity":1,"s:5:13:6:Infinity":2,"f:5:13:5:25":1,"s:6:4:6:Infinity":3,"s:9:13:10:Infinity":4,"f:9:13:9:25":2,"s:10:4:10:Infinity":5,"s:13:13:14:Infinity":6,"f:13:13:13:23":3,"s:14:4:14:Infinity":7}}}
,"C:\\Users\\Carlos\\Desktop\\React\\02-first-steps\\src\\shopping-cart\\ItemCounter.module.css": {"path":"C:\\Users\\Carlos\\Desktop\\React\\02-first-steps\\src\\shopping-cart\\ItemCounter.module.css","statementMap":{},"fnMap":{},"branchMap":{},"s":{},"f":{},"b":{},"meta":{"lastBranch":0,"lastFunction":0,"lastStatement":0,"seen":{}}}
,"C:\\Users\\Carlos\\Desktop\\React\\02-first-steps\\src\\shopping-cart\\ItemCounter.tsx": {"path":"C:\\Users\\Carlos\\Desktop\\React\\02-first-steps\\src\\shopping-cart\\ItemCounter.tsx","statementMap":{"0":{"start":{"line":12,"column":13},"end":{"line":26,"column":24}},"1":{"start":{"line":12,"column":27},"end":{"line":12,"column":28}},"2":{"start":{"line":12,"column":28},"end":{"line":12,"column":36}},"3":{"start":{"line":12,"column":36},"end":{"line":12,"column":null}},"4":{"start":{"line":13,"column":2},"end":{"line":13,"column":46}},"5":{"start":{"line":13,"column":47},"end":{"line":17,"column":null}},"6":{"start":{"line":15,"column":20},"end":{"line":16,"column":null}},"7":{"start":{"line":16,"column":4},"end":{"line":16,"column":null}},"8":{"start":{"line":17,"column":3},"end":{"line":17,"column":null}},"9":{"start":{"line":15,"column":20},"end":{"line":15,"column":null}},"10":{"start":{"line":17,"column":3},"end":{"line":23,"column":null}},"11":{"start":{"line":19,"column":25},"end":{"line":22,"column":null}},"12":{"start":{"line":20,"column":4},"end":{"line":20,"column":null}},"13":{"start":{"line":20,"column":19},"end":{"line":20,"column":null}},"14":{"start":{"line":22,"column":4},"end":{"line":22,"column":null}},"15":{"start":{"line":23,"column":3},"end":{"line":23,"column":null}},"16":{"start":{"line":19,"column":25},"end":{"line":19,"column":null}},"17":{"start":{"line":29,"column":17},"end":{"line":29,"column":27}},"18":{"start":{"line":29,"column":46},"end":{"line":30,"column":null}},"19":{"start":{"line":28,"column":15},"end":{"line":30,"column":null}},"20":{"start":{"line":30,"column":9},"end":{"line":30,"column":null}},"21":{"start":{"line":30,"column":9},"end":{"line":32,"column":null}},"22":{"start":{"line":27,"column":6},"end":{"line":32,"column":null}},"23":{"start":{"line":32,"column":13},"end":{"line":32,"column":null}},"24":{"start":{"line":32,"column":13},"end":{"line":33,"column":null}},"25":{"start":{"line":33,"column":6},"end":{"line":33,"column":null}},"26":{"start":{"line":33,"column":51},"end":{"line":33,"column":null}},"27":{"start":{"line":33,"column":51},"end":{"line":34,"column":null}},"28":{"start":{"line":34,"column":6},"end":{"line":34,"column":null}},"29":{"start":{"line":34,"column":26},"end":{"line":34,"column":null}},"30":{"start":{"line":34,"column":26},"end":{"line":35,"column":null}},"31":{"start":{"line":35,"column":6},"end":{"line":35,"column":null}},"32":{"start":{"line":35,"column":46},"end":{"line":35,"column":null}},"33":{"start":{"line":35,"column":46},"end":{"line":36,"column":null}},"34":{"start":{"line":26,"column":4},"end":{"line":35,"column":23}},"35":{"start":{"line":36,"column":14},"end":{"line":36,"column":null}},"36":{"start":{"line":36,"column":14},"end":{"line":26,"column":24}}},"fnMap":{"0":{"name":"(anonymous_0)","decl":{"start":{"line":12,"column":13},"end":{"line":12,"column":27}},"loc":{"start":{"line":12,"column":27},"end":{"line":26,"column":24}},"line":12},"1":{"name":"(anonymous_1)","decl":{"start":{"line":15,"column":20},"end":{"line":15,"column":null}},"loc":{"start":{"line":15,"column":20},"end":{"line":16,"column":null}},"line":15},"2":{"name":"(anonymous_2)","decl":{"start":{"line":19,"column":25},"end":{"line":19,"column":null}},"loc":{"start":{"line":19,"column":25},"end":{"line":22,"column":null}},"line":19}},"branchMap":{"0":{"loc":{"start":{"line":12,"column":36},"end":{"line":12,"column":null}},"type":"cond-expr","locations":[{"start":{"line":12,"column":36},"end":{"line":12,"column":null}},{"start":{"line":12,"column":36},"end":{"line":12,"column":null}}],"line":12},"1":{"loc":{"start":{"line":13,"column":47},"end":{"line":17,"column":null}},"type":"if","locations":[{"start":{"line":13,"column":47},"end":{"line":17,"column":null}},{"start":{"line":17,"column":3},"end":{"line":17,"column":null}}],"line":13},"2":{"loc":{"start":{"line":17,"column":3},"end":{"line":23,"column":null}},"type":"if","locations":[{"start":{"line":17,"column":3},"end":{"line":23,"column":null}},{"start":{"line":23,"column":3},"end":{"line":23,"column":null}}],"line":17},"3":{"loc":{"start":{"line":20,"column":4},"end":{"line":20,"column":null}},"type":"if","locations":[{"start":{"line":20,"column":4},"end":{"line":20,"column":null}},{"start":{},"end":{}}],"line":20},"4":{"loc":{"start":{"line":29,"column":17},"end":{"line":29,"column":27}},"type":"cond-expr","locations":[{"start":{"line":29,"column":17},"end":{"line":29,"column":27}},{"start":{"line":29,"column":17},"end":{"line":29,"column":27}}],"line":29},"5":{"loc":{"start":{"line":29,"column":46},"end":{"line":30,"column":null}},"type":"if","locations":[{"start":{"line":29,"column":46},"end":{"line":30,"column":null}},{"start":{"line":30,"column":9},"end":{"line":30,"column":null}}],"line":29},"6":{"loc":{"start":{"line":30,"column":9},"end":{"line":32,"column":null}},"type":"if","locations":[{"start":{"line":30,"column":9},"end":{"line":32,"column":null}},{"start":{"line":32,"column":13},"end":{"line":32,"column":null}}],"line":30},"7":{"loc":{"start":{"line":30,"column":9},"end":{"line":30,"column":null}},"type":"binary-expr","locations":[{"start":{"line":30,"column":9},"end":{"line":30,"column":null}},{"start":{"line":30,"column":9},"end":{"line":30,"column":null}}],"line":30},"8":{"loc":{"start":{"line":32,"column":13},"end":{"line":33,"column":null}},"type":"if","locations":[{"start":{"line":32,"column":13},"end":{"line":33,"column":null}},{"start":{"line":33,"column":51},"end":{"line":33,"column":null}}],"line":32},"9":{"loc":{"start":{"line":33,"column":51},"end":{"line":34,"column":null}},"type":"if","locations":[{"start":{"line":33,"column":51},"end":{"line":34,"column":null}},{"start":{"line":34,"column":26},"end":{"line":34,"column":null}}],"line":33},"10":{"loc":{"start":{"line":34,"column":26},"end":{"line":35,"column":null}},"type":"if","locations":[{"start":{"line":34,"column":26},"end":{"line":35,"column":null}},{"start":{"line":35,"column":46},"end":{"line":35,"column":null}}],"line":34},"11":{"loc":{"start":{"line":35,"column":46},"end":{"line":36,"column":null}},"type":"if","locations":[{"start":{"line":35,"column":46},"end":{"line":36,"column":null}},{"start":{"line":36,"column":14},"end":{"line":36,"column":null}}],"line":35},"12":{"loc":{"start":{"line":35,"column":46},"end":{"line":35,"column":null}},"type":"binary-expr","locations":[{"start":{"line":35,"column":46},"end":{"line":35,"column":null}},{"start":{"line":35,"column":46},"end":{"line":35,"column":null}},{"start":{"line":35,"column":46},"end":{"line":35,"column":null}},{"start":{"line":35,"column":46},"end":{"line":35,"column":null}}],"line":35}},"s":{"0":1,"1":11,"2":11,"3":11,"4":11,"5":11,"6":11,"7":1,"8":0,"9":11,"10":11,"11":11,"12":3,"13":1,"14":2,"15":0,"16":11,"17":11,"18":11,"19":10,"20":1,"21":11,"22":10,"23":1,"24":11,"25":11,"26":0,"27":11,"28":11,"29":0,"30":11,"31":11,"32":0,"33":11,"34":11,"35":0,"36":11},"f":{"0":11,"1":1,"2":3},"b":{"0":[1,10],"1":[11,0],"2":[11,0],"3":[1,2],"4":[5,6],"5":[10,1],"6":[10,1],"7":[11,3],"8":[11,0],"9":[11,0],"10":[11,0],"11":[11,0],"12":[11,1,0,0]},"meta":{"lastBranch":13,"lastFunction":3,"lastStatement":37,"seen":{"s:12:13:26:24":0,"f:12:13:12:27":0,"s:12:27:12:28":1,"s:12:28:12:36":2,"s:12:36:12:Infinity":3,"b:12:36:12:Infinity:12:36:12:Infinity":0,"s:13:2:13:46":4,"b:13:47:17:Infinity:17:3:17:Infinity":1,"s:13:47:17:Infinity":5,"s:15:20:16:Infinity":6,"f:15:20:15:Infinity":1,"s:16:4:16:Infinity":7,"s:17:3:17:Infinity":8,"s:15:20:15:Infinity":9,"b:17:3:23:Infinity:23:3:23:Infinity":2,"s:17:3:23:Infinity":10,"s:19:25:22:Infinity":11,"f:19:25:19:Infinity":2,"b:20:4:20:Infinity:undefined:undefined:undefined:undefined":3,"s:20:4:20:Infinity":12,"s:20:19:20:Infinity":13,"s:22:4:22:Infinity":14,"s:23:3:23:Infinity":15,"s:19:25:19:Infinity":16,"s:29:17:29:27":17,"b:29:17:29:27:29:17:29:27":4,"b:29:46:30:Infinity:30:9:30:Infinity":5,"s:29:46:30:Infinity":18,"s:28:15:30:Infinity":19,"s:30:9:30:Infinity":20,"b:30:9:32:Infinity:32:13:32:Infinity":6,"s:30:9:32:Infinity":21,"b:30:9:30:Infinity:30:9:30:Infinity":7,"s:27:6:32:Infinity":22,"s:32:13:32:Infinity":23,"b:32:13:33:Infinity:33:51:33:Infinity":8,"s:32:13:33:Infinity":24,"s:33:6:33:Infinity":25,"s:33:51:33:Infinity":26,"b:33:51:34:Infinity:34:26:34:Infinity":9,"s:33:51:34:Infinity":27,"s:34:6:34:Infinity":28,"s:34:26:34:Infinity":29,"b:34:26:35:Infinity:35:46:35:Infinity":10,"s:34:26:35:Infinity":30,"s:35:6:35:Infinity":31,"s:35:46:35:Infinity":32,"b:35:46:36:Infinity:36:14:36:Infinity":11,"s:35:46:36:Infinity":33,"b:35:46:35:Infinity:35:46:35:Infinity:35:46:35:Infinity:35:46:35:Infinity":12,"s:26:4:35:23":34,"s:36:14:36:Infinity":35,"s:36:14:26:24":36}}}
}
